<?xml version="1.0" encoding="UTF-8" standalone="no"?>
<testsuite failures="0" name="cucumber.runtime.formatter.JUnitFormatter" skipped="0" tests="9" time="49.259206">
<testcase classname="Add Values" name="To verify right count of values appears on screen" time="11.57203">
<system-out><![CDATA[Given User is on add values page............................................passed
When user enters "$122,365.24", "$0", "$23,329.50", "$566.27" , "$700"......passed
Then check user enters right count of values................................passed
]]></system-out>
</testcase>
<testcase classname="Add Values" name="To verify right count of values appears on screen 2" time="6.65348">
<system-out><![CDATA[Given User is on add values page............................................passed
When user enters "$122,365.24", "$599.00", "$850,139.99", "$23,329.50" , "$34.9".passed
Then check user enters right count of values................................passed
]]></system-out>
</testcase>
<testcase classname="Add Values" name="To verify values present on the screen greater than 0" time="4.338856">
<system-out><![CDATA[Given User is on add values page............................................passed
When user enters "$122,365.24", "$0", "$23,329.50", "$566.27" , "$700"......passed
Then check entered values are geater than zero..............................passed
]]></system-out>
</testcase>
<testcase classname="Add Values" name="To verify values present on the screen greater than 0 2" time="3.959168">
<system-out><![CDATA[Given User is on add values page............................................passed
When user enters "$122,365.24", "$599.00", "$850,139.99", "$23,329.50" , "$566.27".passed
Then check entered values are geater than zero..............................passed
]]></system-out>
</testcase>
<testcase classname="Add Values" name="To verify total balance is correct based on the values listed on screen" time="4.651586">
<system-out><![CDATA[Given User is on add values page............................................passed
When user enters "$122,365.24", "$599.00", "$850,139.99", "$23,329.50" , "$566.27".passed
Then check total balance is equal to sum of all values......................passed
]]></system-out>
</testcase>
<testcase classname="Add Values" name="To verify values are formated as currencies" time="4.636285">
<system-out><![CDATA[Given User is on add values page............................................passed
When user enters "$122,365.24", "$599.00", "$850,139.99", "$23,329.50" , "$566.27".passed
Then check values are formated as currencies................................passed
]]></system-out>
</testcase>
<testcase classname="Add Values" name="To verify values are formated as currencies 2" time="4.729476">
<system-out><![CDATA[Given User is on add values page............................................passed
When user enters "$21,365.24", "$399.00", "$350,139.99", "$3,329.50" , "$32.00".passed
Then check values are formated as currencies................................passed
]]></system-out>
</testcase>
<testcase classname="Add Values" name="To verify total balance matches the sum of all values" time="4.612161">
<system-out><![CDATA[Given User is on add values page............................................passed
When user enters "$122.24", "$599.00", "$850,139.99", "$23,329.50" , "$566.27".passed
Then check total balance is equal to sum of all values......................passed
]]></system-out>
</testcase>
<testcase classname="Add Values" name="To verify total balance matches the sum of all values 2" time="4.106164">
<system-out><![CDATA[Given User is on add values page............................................passed
When user enters "$21,365.24", "$399.00", "$350,139.99", "$3,329.50" , "$32.00".passed
Then check total balance is equal to sum of all values......................passed
]]></system-out>
</testcase>
</testsuite>
